<?xml version="1.0" encoding="UTF-8"?>
<testng-results ignored="0" total="6" passed="6" failed="0" skipped="0">
  <reporter-output>
  </reporter-output>
  <suite started-at="2022-02-21T13:10:52Z" name="Default suite" finished-at="2022-02-21T13:11:24Z" duration-ms="31758">
    <groups>
    </groups>
    <test started-at="2022-02-21T13:10:52Z" name="Default test" finished-at="2022-02-21T13:11:24Z" duration-ms="31758">
      <class name="dataProvider_through_ExcelFIle.DataProvider_TestNG_File">
        <test-method is-config="true" signature="setup()[pri:0, instance:dataProvider_through_ExcelFIle.DataProvider_TestNG_File@5e3d57c7]" started-at="2022-02-21T13:10:53Z" name="setup" finished-at="2022-02-21T13:11:02Z" duration-ms="8966" status="PASS">
          <reporter-output>
          </reporter-output>
        </test-method> <!-- setup -->
        <test-method signature="click_On_CreateNewAccount(java.lang.String, java.lang.String, java.lang.String, java.lang.String)[pri:0, instance:dataProvider_through_ExcelFIle.DataProvider_TestNG_File@5e3d57c7]" started-at="2022-02-21T13:11:02Z" name="click_On_CreateNewAccount" data-provider="testData" finished-at="2022-02-21T13:11:03Z" duration-ms="1162" status="PASS">
          <params>
            <param index="0">
              <value>
                <![CDATA[XYZ]]>
              </value>
            </param>
            <param index="1">
              <value>
                <![CDATA[QRS]]>
              </value>
            </param>
            <param index="2">
              <value>
                <![CDATA[abcdrthdthefg@gmail.com]]>
              </value>
            </param>
            <param index="3">
              <value>
                <![CDATA[srfghsghsh@54684]]>
              </value>
            </param>
          </params>
          <reporter-output>
          </reporter-output>
        </test-method> <!-- click_On_CreateNewAccount -->
        <test-method is-config="true" signature="teardown()[pri:0, instance:dataProvider_through_ExcelFIle.DataProvider_TestNG_File@5e3d57c7]" started-at="2022-02-21T13:11:03Z" name="teardown" finished-at="2022-02-21T13:11:04Z" duration-ms="718" status="PASS">
          <reporter-output>
          </reporter-output>
        </test-method> <!-- teardown -->
        <test-method is-config="true" signature="setup()[pri:0, instance:dataProvider_through_ExcelFIle.DataProvider_TestNG_File@5e3d57c7]" started-at="2022-02-21T13:11:04Z" name="setup" finished-at="2022-02-21T13:11:06Z" duration-ms="2078" status="PASS">
          <reporter-output>
          </reporter-output>
        </test-method> <!-- setup -->
        <test-method signature="click_On_CreateNewAccount(java.lang.String, java.lang.String, java.lang.String, java.lang.String)[pri:0, instance:dataProvider_through_ExcelFIle.DataProvider_TestNG_File@5e3d57c7]" started-at="2022-02-21T13:11:06Z" name="click_On_CreateNewAccount" data-provider="testData" finished-at="2022-02-21T13:11:07Z" duration-ms="1304" status="PASS">
          <params>
            <param index="0">
              <value>
                <![CDATA[ABC]]>
              </value>
            </param>
            <param index="1">
              <value>
                <![CDATA[TUV]]>
              </value>
            </param>
            <param index="2">
              <value>
                <![CDATA[abctghazrthxyzxg@gmail.com]]>
              </value>
            </param>
            <param index="3">
              <value>
                <![CDATA[SRgzsrghzh@84684]]>
              </value>
            </param>
          </params>
          <reporter-output>
          </reporter-output>
        </test-method> <!-- click_On_CreateNewAccount -->
        <test-method is-config="true" signature="teardown()[pri:0, instance:dataProvider_through_ExcelFIle.DataProvider_TestNG_File@5e3d57c7]" started-at="2022-02-21T13:11:07Z" name="teardown" finished-at="2022-02-21T13:11:08Z" duration-ms="712" status="PASS">
          <reporter-output>
          </reporter-output>
        </test-method> <!-- teardown -->
        <test-method is-config="true" signature="setup()[pri:0, instance:dataProvider_through_ExcelFIle.DataProvider_TestNG_File@5e3d57c7]" started-at="2022-02-21T13:11:08Z" name="setup" finished-at="2022-02-21T13:11:10Z" duration-ms="2125" status="PASS">
          <reporter-output>
          </reporter-output>
        </test-method> <!-- setup -->
        <test-method signature="click_On_CreateNewAccount(java.lang.String, java.lang.String, java.lang.String, java.lang.String)[pri:0, instance:dataProvider_through_ExcelFIle.DataProvider_TestNG_File@5e3d57c7]" started-at="2022-02-21T13:11:10Z" name="click_On_CreateNewAccount" data-provider="testData" finished-at="2022-02-21T13:11:11Z" duration-ms="1173" status="PASS">
          <params>
            <param index="0">
              <value>
                <![CDATA[EFG]]>
              </value>
            </param>
            <param index="1">
              <value>
                <![CDATA[WXY]]>
              </value>
            </param>
            <param index="2">
              <value>
                <![CDATA[abcsthsthdefg@gmail.com]]>
              </value>
            </param>
            <param index="3">
              <value>
                <![CDATA[Efsrgsgsth@546453]]>
              </value>
            </param>
          </params>
          <reporter-output>
          </reporter-output>
        </test-method> <!-- click_On_CreateNewAccount -->
        <test-method is-config="true" signature="teardown()[pri:0, instance:dataProvider_through_ExcelFIle.DataProvider_TestNG_File@5e3d57c7]" started-at="2022-02-21T13:11:11Z" name="teardown" finished-at="2022-02-21T13:11:12Z" duration-ms="715" status="PASS">
          <reporter-output>
          </reporter-output>
        </test-method> <!-- teardown -->
        <test-method is-config="true" signature="setup()[pri:0, instance:dataProvider_through_ExcelFIle.DataProvider_TestNG_File@5e3d57c7]" started-at="2022-02-21T13:11:12Z" name="setup" finished-at="2022-02-21T13:11:14Z" duration-ms="2169" status="PASS">
          <reporter-output>
          </reporter-output>
        </test-method> <!-- setup -->
        <test-method signature="click_On_CreateNewAccount(java.lang.String, java.lang.String, java.lang.String, java.lang.String)[pri:0, instance:dataProvider_through_ExcelFIle.DataProvider_TestNG_File@5e3d57c7]" started-at="2022-02-21T13:11:14Z" name="click_On_CreateNewAccount" data-provider="testData" finished-at="2022-02-21T13:11:15Z" duration-ms="1267" status="PASS">
          <params>
            <param index="0">
              <value>
                <![CDATA[HIJ]]>
              </value>
            </param>
            <param index="1">
              <value>
                <![CDATA[AAA]]>
              </value>
            </param>
            <param index="2">
              <value>
                <![CDATA[abcsththdefg@gmail.com]]>
              </value>
            </param>
            <param index="3">
              <value>
                <![CDATA[rfgarht@5345]]>
              </value>
            </param>
          </params>
          <reporter-output>
          </reporter-output>
        </test-method> <!-- click_On_CreateNewAccount -->
        <test-method is-config="true" signature="teardown()[pri:0, instance:dataProvider_through_ExcelFIle.DataProvider_TestNG_File@5e3d57c7]" started-at="2022-02-21T13:11:15Z" name="teardown" finished-at="2022-02-21T13:11:16Z" duration-ms="721" status="PASS">
          <reporter-output>
          </reporter-output>
        </test-method> <!-- teardown -->
        <test-method is-config="true" signature="setup()[pri:0, instance:dataProvider_through_ExcelFIle.DataProvider_TestNG_File@5e3d57c7]" started-at="2022-02-21T13:11:16Z" name="setup" finished-at="2022-02-21T13:11:18Z" duration-ms="2137" status="PASS">
          <reporter-output>
          </reporter-output>
        </test-method> <!-- setup -->
        <test-method signature="click_On_CreateNewAccount(java.lang.String, java.lang.String, java.lang.String, java.lang.String)[pri:0, instance:dataProvider_through_ExcelFIle.DataProvider_TestNG_File@5e3d57c7]" started-at="2022-02-21T13:11:18Z" name="click_On_CreateNewAccount" data-provider="testData" finished-at="2022-02-21T13:11:19Z" duration-ms="1271" status="PASS">
          <params>
            <param index="0">
              <value>
                <![CDATA[KLM]]>
              </value>
            </param>
            <param index="1">
              <value>
                <![CDATA[BBB]]>
              </value>
            </param>
            <param index="2">
              <value>
                <![CDATA[abcdtedhstdhefg@gmail.com]]>
              </value>
            </param>
            <param index="3">
              <value>
                <![CDATA[zfgz@8644]]>
              </value>
            </param>
          </params>
          <reporter-output>
          </reporter-output>
        </test-method> <!-- click_On_CreateNewAccount -->
        <test-method is-config="true" signature="teardown()[pri:0, instance:dataProvider_through_ExcelFIle.DataProvider_TestNG_File@5e3d57c7]" started-at="2022-02-21T13:11:19Z" name="teardown" finished-at="2022-02-21T13:11:20Z" duration-ms="730" status="PASS">
          <reporter-output>
          </reporter-output>
        </test-method> <!-- teardown -->
        <test-method is-config="true" signature="setup()[pri:0, instance:dataProvider_through_ExcelFIle.DataProvider_TestNG_File@5e3d57c7]" started-at="2022-02-21T13:11:20Z" name="setup" finished-at="2022-02-21T13:11:22Z" duration-ms="2189" status="PASS">
          <reporter-output>
          </reporter-output>
        </test-method> <!-- setup -->
        <test-method signature="click_On_CreateNewAccount(java.lang.String, java.lang.String, java.lang.String, java.lang.String)[pri:0, instance:dataProvider_through_ExcelFIle.DataProvider_TestNG_File@5e3d57c7]" started-at="2022-02-21T13:11:22Z" name="click_On_CreateNewAccount" data-provider="testData" finished-at="2022-02-21T13:11:23Z" duration-ms="1151" status="PASS">
          <params>
            <param index="0">
              <value>
                <![CDATA[NOP]]>
              </value>
            </param>
            <param index="1">
              <value>
                <![CDATA[YYY]]>
              </value>
            </param>
            <param index="2">
              <value>
                <![CDATA[abcsthsthdefg@gmail.com]]>
              </value>
            </param>
            <param index="3">
              <value>
                <![CDATA[zfggzh@56465]]>
              </value>
            </param>
          </params>
          <reporter-output>
          </reporter-output>
        </test-method> <!-- click_On_CreateNewAccount -->
        <test-method is-config="true" signature="teardown()[pri:0, instance:dataProvider_through_ExcelFIle.DataProvider_TestNG_File@5e3d57c7]" started-at="2022-02-21T13:11:23Z" name="teardown" finished-at="2022-02-21T13:11:24Z" duration-ms="730" status="PASS">
          <reporter-output>
          </reporter-output>
        </test-method> <!-- teardown -->
      </class> <!-- dataProvider_through_ExcelFIle.DataProvider_TestNG_File -->
    </test> <!-- Default test -->
  </suite> <!-- Default suite -->
</testng-results>
