<?xml version="1.0" encoding="UTF-8"?>
<!-- Generated by org.testng.reporters.JUnitXMLReporter -->
<testsuite ignored="0" hostname="DESKTOP-DL1MHBB" failures="0" tests="6" name="Default test" time="31.758" errors="0" timestamp="21 Feb 2022 13:11:24 GMT">
  <testcase classname="dataProvider_through_ExcelFIle.DataProvider_TestNG_File" name="click_On_CreateNewAccount" time="1.162"/>
  <testcase classname="dataProvider_through_ExcelFIle.DataProvider_TestNG_File" name="click_On_CreateNewAccount" time="1.304"/>
  <testcase classname="dataProvider_through_ExcelFIle.DataProvider_TestNG_File" name="click_On_CreateNewAccount" time="1.173"/>
  <testcase classname="dataProvider_through_ExcelFIle.DataProvider_TestNG_File" name="click_On_CreateNewAccount" time="1.267"/>
  <testcase classname="dataProvider_through_ExcelFIle.DataProvider_TestNG_File" name="click_On_CreateNewAccount" time="1.271"/>
  <testcase classname="dataProvider_through_ExcelFIle.DataProvider_TestNG_File" name="click_On_CreateNewAccount" time="1.151"/>
</testsuite> <!-- Default test -->
